Copyright 1986-2020 Xilinx, Inc. All Rights Reserved.
-----------------------------------------------------------------------------------------------------------------------------
| Tool Version : Vivado v.2020.2 (lin64) Build 3064766 Wed Nov 18 09:12:47 MST 2020
| Date         : Wed Apr 13 00:24:13 2022
| Host         : lp6m-ryzen running 64-bit Ubuntu 18.04.4 LTS
| Command      : report_utilization -file design_1_wrapper_utilization_placed.rpt -pb design_1_wrapper_utilization_placed.pb
| Design       : design_1_wrapper
| Device       : xczu3egsbva484-1
| Design State : Fully Placed
-----------------------------------------------------------------------------------------------------------------------------

Utilization Design Information

Table of Contents
-----------------
1. CLB Logic
1.1 Summary of Registers by Type
2. CLB Logic Distribution
3. BLOCKRAM
4. ARITHMETIC
5. I/O
6. CLOCK
7. ADVANCED
8. CONFIGURATION
9. Primitives
10. Black Boxes
11. Instantiated Netlists

1. CLB Logic
------------

+----------------------------+-------+-------+-----------+-------+
|          Site Type         |  Used | Fixed | Available | Util% |
+----------------------------+-------+-------+-----------+-------+
| CLB LUTs                   | 14338 |     0 |     70560 | 20.32 |
|   LUT as Logic             | 11688 |     0 |     70560 | 16.56 |
|   LUT as Memory            |  2650 |     0 |     28800 |  9.20 |
|     LUT as Distributed RAM |  1560 |     0 |           |       |
|     LUT as Shift Register  |  1090 |     0 |           |       |
| CLB Registers              | 15778 |     0 |    141120 | 11.18 |
|   Register as Flip Flop    | 15778 |     0 |    141120 | 11.18 |
|   Register as Latch        |     0 |     0 |    141120 |  0.00 |
| CARRY8                     |   122 |     0 |      8820 |  1.38 |
| F7 Muxes                   |    36 |     0 |     35280 |  0.10 |
| F8 Muxes                   |     0 |     0 |     17640 |  0.00 |
| F9 Muxes                   |     0 |     0 |      8820 |  0.00 |
+----------------------------+-------+-------+-----------+-------+


1.1 Summary of Registers by Type
--------------------------------

+-------+--------------+-------------+--------------+
| Total | Clock Enable | Synchronous | Asynchronous |
+-------+--------------+-------------+--------------+
| 0     |            _ |           - |            - |
| 0     |            _ |           - |          Set |
| 0     |            _ |           - |        Reset |
| 0     |            _ |         Set |            - |
| 0     |            _ |       Reset |            - |
| 0     |          Yes |           - |            - |
| 20    |          Yes |           - |          Set |
| 396   |          Yes |           - |        Reset |
| 546   |          Yes |         Set |            - |
| 14816 |          Yes |       Reset |            - |
+-------+--------------+-------------+--------------+


2. CLB Logic Distribution
-------------------------

+--------------------------------------------+-------+-------+-----------+-------+
|                  Site Type                 |  Used | Fixed | Available | Util% |
+--------------------------------------------+-------+-------+-----------+-------+
| CLB                                        |  2744 |     0 |      8820 | 31.11 |
|   CLBL                                     |  1790 |     0 |           |       |
|   CLBM                                     |   954 |     0 |           |       |
| LUT as Logic                               | 11688 |     0 |     70560 | 16.56 |
|   using O5 output only                     |   510 |       |           |       |
|   using O6 output only                     |  7792 |       |           |       |
|   using O5 and O6                          |  3386 |       |           |       |
| LUT as Memory                              |  2650 |     0 |     28800 |  9.20 |
|   LUT as Distributed RAM                   |  1560 |     0 |           |       |
|     using O5 output only                   |     0 |       |           |       |
|     using O6 output only                   |   136 |       |           |       |
|     using O5 and O6                        |  1424 |       |           |       |
|   LUT as Shift Register                    |  1090 |     0 |           |       |
|     using O5 output only                   |     0 |       |           |       |
|     using O6 output only                   |  1090 |       |           |       |
|     using O5 and O6                        |     0 |       |           |       |
| CLB Registers                              | 15778 |     0 |    141120 | 11.18 |
|   Register driven from within the CLB      | 10565 |       |           |       |
|   Register driven from outside the CLB     |  5213 |       |           |       |
|     LUT in front of the register is unused |  3002 |       |           |       |
|     LUT in front of the register is used   |  2211 |       |           |       |
| Unique Control Sets                        |  1069 |       |     17640 |  6.06 |
+--------------------------------------------+-------+-------+-----------+-------+
* * Note: Available Control Sets calculated as Slices * 2, Review the Control Sets Report for more information regarding control sets.


3. BLOCKRAM
-----------

+-------------------+------+-------+-----------+-------+
|     Site Type     | Used | Fixed | Available | Util% |
+-------------------+------+-------+-----------+-------+
| Block RAM Tile    | 52.5 |     0 |       216 | 24.31 |
|   RAMB36/FIFO*    |   50 |     0 |       216 | 23.15 |
|     RAMB36E2 only |   50 |       |           |       |
|   RAMB18          |    5 |     0 |       432 |  1.16 |
|     RAMB18E2 only |    5 |       |           |       |
+-------------------+------+-------+-----------+-------+
* Note: Each Block RAM Tile only has one FIFO logic available and therefore can accommodate only one FIFO36E2 or one FIFO18E2. However, if a FIFO18E2 occupies a Block RAM Tile, that tile can still accommodate a RAMB18E2


4. ARITHMETIC
-------------

+----------------+------+-------+-----------+-------+
|    Site Type   | Used | Fixed | Available | Util% |
+----------------+------+-------+-----------+-------+
| DSPs           |    7 |     0 |       360 |  1.94 |
|   DSP48E2 only |    7 |       |           |       |
+----------------+------+-------+-----------+-------+


5. I/O
------

+------------------+------+-------+-----------+-------+
|     Site Type    | Used | Fixed | Available | Util% |
+------------------+------+-------+-----------+-------+
| Bonded IOB       |    0 |     0 |        82 |  0.00 |
| HPIOB_M          |    0 |     0 |        26 |  0.00 |
| HPIOB_S          |    0 |     0 |        26 |  0.00 |
| HDIOB_M          |    0 |     0 |        12 |  0.00 |
| HDIOB_S          |    0 |     0 |        12 |  0.00 |
| HPIOB_SNGL       |    0 |     0 |         6 |  0.00 |
| HPIOBDIFFINBUF   |    0 |     0 |        72 |  0.00 |
| HPIOBDIFFOUTBUF  |    0 |     0 |        72 |  0.00 |
| HDIOBDIFFINBUF   |    0 |     0 |        48 |  0.00 |
| BITSLICE_CONTROL |    0 |     0 |        24 |  0.00 |
| BITSLICE_RX_TX   |    0 |     0 |       156 |  0.00 |
| BITSLICE_TX      |    0 |     0 |        24 |  0.00 |
| RIU_OR           |    0 |     0 |        12 |  0.00 |
+------------------+------+-------+-----------+-------+


6. CLOCK
--------

+----------------------+------+-------+-----------+-------+
|       Site Type      | Used | Fixed | Available | Util% |
+----------------------+------+-------+-----------+-------+
| GLOBAL CLOCK BUFFERs |    1 |     0 |       196 |  0.51 |
|   BUFGCE             |    0 |     0 |        88 |  0.00 |
|   BUFGCE_DIV         |    0 |     0 |        12 |  0.00 |
|   BUFG_PS            |    1 |     0 |        72 |  1.39 |
|   BUFGCTRL*          |    0 |     0 |        24 |  0.00 |
| PLL                  |    0 |     0 |         6 |  0.00 |
| MMCM                 |    0 |     0 |         3 |  0.00 |
+----------------------+------+-------+-----------+-------+
* Note: Each used BUFGCTRL counts as two GLOBAL CLOCK BUFFERs. This table does not include global clocking resources, only buffer cell usage. See the Clock Utilization Report (report_clock_utilization) for detailed accounting of global clocking resource availability.


7. ADVANCED
-----------

+-----------+------+-------+-----------+--------+
| Site Type | Used | Fixed | Available |  Util% |
+-----------+------+-------+-----------+--------+
| PS8       |    1 |     0 |         1 | 100.00 |
| SYSMONE4  |    0 |     0 |         1 |   0.00 |
+-----------+------+-------+-----------+--------+


8. CONFIGURATION
----------------

+-------------+------+-------+-----------+-------+
|  Site Type  | Used | Fixed | Available | Util% |
+-------------+------+-------+-----------+-------+
| BSCANE2     |    0 |     0 |         4 |  0.00 |
| DNA_PORTE2  |    0 |     0 |         1 |  0.00 |
| EFUSE_USR   |    0 |     0 |         1 |  0.00 |
| FRAME_ECCE4 |    0 |     0 |         1 |  0.00 |
| ICAPE3      |    0 |     0 |         2 |  0.00 |
| MASTER_JTAG |    0 |     0 |         1 |  0.00 |
| STARTUPE3   |    0 |     0 |         1 |  0.00 |
+-------------+------+-------+-----------+-------+


9. Primitives
-------------

+----------+-------+---------------------+
| Ref Name |  Used | Functional Category |
+----------+-------+---------------------+
| FDRE     | 14816 |            Register |
| LUT6     |  4220 |                 CLB |
| LUT3     |  3671 |                 CLB |
| LUT5     |  3095 |                 CLB |
| RAMD32   |  2524 |                 CLB |
| LUT4     |  2241 |                 CLB |
| LUT2     |  1388 |                 CLB |
| SRLC32E  |   781 |                 CLB |
| FDSE     |   546 |            Register |
| LUT1     |   459 |                 CLB |
| FDCE     |   396 |            Register |
| RAMS32   |   356 |                 CLB |
| SRL16E   |   309 |                 CLB |
| CARRY8   |   122 |                 CLB |
| RAMD64E  |   104 |                 CLB |
| RAMB36E2 |    50 |            BLOCKRAM |
| MUXF7    |    36 |                 CLB |
| FDPE     |    20 |            Register |
| DSP48E2  |     7 |          Arithmetic |
| RAMB18E2 |     5 |            BLOCKRAM |
| PS8      |     1 |            Advanced |
| BUFG_PS  |     1 |               Clock |
+----------+-------+---------------------+


10. Black Boxes
---------------

+----------+------+
| Ref Name | Used |
+----------+------+


11. Instantiated Netlists
-------------------------

+------------------------------+------+
|           Ref Name           | Used |
+------------------------------+------+
| design_1_zynq_ultra_ps_e_0_0 |    1 |
| design_1_smartconnect_0_0    |    1 |
| design_1_proc_sys_reset_0_2  |    1 |
| design_1_blk_mem_gen_0_1     |    1 |
| design_1_blk_mem_gen_0_0     |    1 |
| design_1_axi_bram_ctrl_0_2   |    1 |
| design_1_axi_bram_ctrl_0_0   |    1 |
| design_1_MyRiscv_0_0         |    1 |
+------------------------------+------+


